 
****************************************
Report : timing
        -path full
        -delay max
        -nets
        -max_paths 1
        -transition_time
Design : csla_64bit
Version: I-2013.12-SP5-5
Date   : Thu Apr  8 23:07:58 2021
****************************************

Operating Conditions: slow   Library: NangateOpenCellLibrary
Wire Load Model Mode: top

  Startpoint: a[0] (input port clocked by VCLK)
  Endpoint: sum[54] (output port clocked by VCLK)
  Path Group: VCLK
  Path Type: max

  Des/Clust/Port     Wire Load Model       Library
  ------------------------------------------------
  csla_64bit         5K_hvratio_1_1        NangateOpenCellLibrary

Attributes:
    d - dont_touch
    u - dont_use
   mo - map_only
   so - size_only
    i - ideal_net or ideal_network
  inf - infeasible path

  Point                                       Fanout     Trans      Incr       Path      Attributes
  ---------------------------------------------------------------------------------------------------------
  clock VCLK (rise edge)                                            0.00       0.00
  clock network delay (ideal)                                       0.00       0.00
  input external delay                                              0.60       0.60 f
  a[0] (in)                                               0.00      0.00       0.60 f
  a[0] (net)                                    3                   0.00       0.60 f
  bit64_RCadder1_i1/add1[0] (RCadder_N4_0)                          0.00       0.60 f
  bit64_RCadder1_i1/add1[0] (net)                                   0.00       0.60 f
  bit64_RCadder1_i1/U1/ZN (AND2_X1)                       0.02      0.10       0.70 f
  bit64_RCadder1_i1/g[0] (net)                  1                   0.00       0.70 f
  bit64_RCadder1_i1/block_0__bit1adder_module/g (bit1adder_0)       0.00       0.70 f
  bit64_RCadder1_i1/block_0__bit1adder_module/g (net)               0.00       0.70 f
  bit64_RCadder1_i1/block_0__bit1adder_module/U1/ZN (AOI21_X1)     0.09     0.16     0.86 r
  bit64_RCadder1_i1/block_0__bit1adder_module/n2 (net)     1        0.00       0.86 r
  bit64_RCadder1_i1/block_0__bit1adder_module/U2/ZN (INV_X1)     0.03     0.06     0.93 f
  bit64_RCadder1_i1/block_0__bit1adder_module/count (net)     2     0.00       0.93 f
  bit64_RCadder1_i1/block_0__bit1adder_module/count (bit1adder_0)     0.00     0.93 f
  bit64_RCadder1_i1/c_mid[1] (net)                                  0.00       0.93 f
  bit64_RCadder1_i1/block_1__bit1adder_module/cin (bit1adder_123)     0.00     0.93 f
  bit64_RCadder1_i1/block_1__bit1adder_module/cin (net)             0.00       0.93 f
  bit64_RCadder1_i1/block_1__bit1adder_module/U2/ZN (AOI21_X1)     0.09     0.12     1.04 r
  bit64_RCadder1_i1/block_1__bit1adder_module/n1 (net)     1        0.00       1.04 r
  bit64_RCadder1_i1/block_1__bit1adder_module/U3/ZN (INV_X1)     0.03     0.06     1.10 f
  bit64_RCadder1_i1/block_1__bit1adder_module/count (net)     2     0.00       1.10 f
  bit64_RCadder1_i1/block_1__bit1adder_module/count (bit1adder_123)     0.00     1.10 f
  bit64_RCadder1_i1/c_mid[2] (net)                                  0.00       1.10 f
  bit64_RCadder1_i1/block_2__bit1adder_module/cin (bit1adder_122)     0.00     1.10 f
  bit64_RCadder1_i1/block_2__bit1adder_module/cin (net)             0.00       1.10 f
  bit64_RCadder1_i1/block_2__bit1adder_module/U1/ZN (AOI21_X1)     0.09     0.12     1.22 r
  bit64_RCadder1_i1/block_2__bit1adder_module/n1 (net)     1        0.00       1.22 r
  bit64_RCadder1_i1/block_2__bit1adder_module/U2/ZN (INV_X1)     0.03     0.06     1.28 f
  bit64_RCadder1_i1/block_2__bit1adder_module/count (net)     2     0.00       1.28 f
  bit64_RCadder1_i1/block_2__bit1adder_module/count (bit1adder_122)     0.00     1.28 f
  bit64_RCadder1_i1/c_mid[3] (net)                                  0.00       1.28 f
  bit64_RCadder1_i1/block_3__bit1adder_module/cin (bit1adder_121)     0.00     1.28 f
  bit64_RCadder1_i1/block_3__bit1adder_module/cin (net)             0.00       1.28 f
  bit64_RCadder1_i1/block_3__bit1adder_module/U2/ZN (AOI21_X1)     0.09     0.13     1.42 r
  bit64_RCadder1_i1/block_3__bit1adder_module/n1 (net)     1        0.00       1.42 r
  bit64_RCadder1_i1/block_3__bit1adder_module/U1/ZN (INV_X1)     0.04     0.10     1.51 f
  bit64_RCadder1_i1/block_3__bit1adder_module/count (net)     7     0.00       1.51 f
  bit64_RCadder1_i1/block_3__bit1adder_module/count (bit1adder_121)     0.00     1.51 f
  bit64_RCadder1_i1/cout (net)                                      0.00       1.51 f
  bit64_RCadder1_i1/cout (RCadder_N4_0)                             0.00       1.51 f
  selected_c[0] (net)                                               0.00       1.51 f
  bit64_bit5mux_i2/sel (bit5mux_N4)                                 0.00       1.51 f
  bit64_bit5mux_i2/sel (net)                                        0.00       1.51 f
  bit64_bit5mux_i2/U1/ZN (AOI22_X1)                       0.12      0.23       1.75 r
  bit64_bit5mux_i2/n11 (net)                    1                   0.00       1.75 r
  bit64_bit5mux_i2/U9/ZN (INV_X2)                         0.04      0.10       1.85 f
  bit64_bit5mux_i2/ou1[0] (net)                 7                   0.00       1.85 f
  bit64_bit5mux_i2/ou1[0] (bit5mux_N4)                              0.00       1.85 f
  selected_c[1] (net)                                               0.00       1.85 f
  bit64_bit5mux_i3/sel (bit5mux_N5)                                 0.00       1.85 f
  bit64_bit5mux_i3/sel (net)                                        0.00       1.85 f
  bit64_bit5mux_i3/U1/ZN (INV_X2)                         0.06      0.12       1.97 r
  bit64_bit5mux_i3/n7 (net)                     6                   0.00       1.97 r
  bit64_bit5mux_i3/U2/ZN (AOI22_X1)                       0.03      0.08       2.05 f
  bit64_bit5mux_i3/n13 (net)                    1                   0.00       2.05 f
  bit64_bit5mux_i3/U11/ZN (INV_X2)                        0.08      0.13       2.18 r
  bit64_bit5mux_i3/ou1[0] (net)                 8                   0.00       2.18 r
  bit64_bit5mux_i3/ou1[0] (bit5mux_N5)                              0.00       2.18 r
  selected_c[2] (net)                                               0.00       2.18 r
  bit64_bit5mux_i4/sel (bit5mux_N6)                                 0.00       2.18 r
  bit64_bit5mux_i4/sel (net)                                        0.00       2.18 r
  bit64_bit5mux_i4/U15/ZN (INV_X2)                        0.03      0.10       2.28 f
  bit64_bit5mux_i4/n8 (net)                     7                   0.00       2.28 f
  bit64_bit5mux_i4/U14/ZN (AOI22_X1)                      0.12      0.17       2.45 r
  bit64_bit5mux_i4/n1 (net)                     1                   0.00       2.45 r
  bit64_bit5mux_i4/U13/ZN (INV_X2)                        0.04      0.11       2.55 f
  bit64_bit5mux_i4/ou1[0] (net)                10                   0.00       2.55 f
  bit64_bit5mux_i4/ou1[0] (bit5mux_N6)                              0.00       2.55 f
  selected_c[3] (net)                                               0.00       2.55 f
  bit64_bit5mux_i5/sel (bit5mux_N7)                                 0.00       2.55 f
  bit64_bit5mux_i5/sel (net)                                        0.00       2.55 f
  bit64_bit5mux_i5/U2/ZN (AOI22_X1)                       0.12      0.23       2.79 r
  bit64_bit5mux_i5/n17 (net)                    1                   0.00       2.79 r
  bit64_bit5mux_i5/U1/ZN (INV_X2)                         0.04      0.11       2.90 f
  bit64_bit5mux_i5/ou1[0] (net)                11                   0.00       2.90 f
  bit64_bit5mux_i5/ou1[0] (bit5mux_N7)                              0.00       2.90 f
  selected_c[4] (net)                                               0.00       2.90 f
  bit64_bit5mux_i6/sel (bit5mux_N8)                                 0.00       2.90 f
  bit64_bit5mux_i6/sel (net)                                        0.00       2.90 f
  bit64_bit5mux_i6/U20/ZN (AOI22_X1)                      0.12      0.23       3.13 r
  bit64_bit5mux_i6/n19 (net)                    1                   0.00       3.13 r
  bit64_bit5mux_i6/U17/ZN (INV_X2)                        0.05      0.11       3.25 f
  bit64_bit5mux_i6/ou1[0] (net)                11                   0.00       3.25 f
  bit64_bit5mux_i6/ou1[0] (bit5mux_N8)                              0.00       3.25 f
  selected_c[5] (net)                                               0.00       3.25 f
  bit64_bit5mux_i7/sel (bit5mux_N9)                                 0.00       3.25 f
  bit64_bit5mux_i7/sel (net)                                        0.00       3.25 f
  bit64_bit5mux_i7/U3/ZN (INV_X2)                         0.09      0.16       3.41 r
  bit64_bit5mux_i7/n11 (net)                   10                   0.00       3.41 r
  bit64_bit5mux_i7/U2/ZN (AOI22_X1)                       0.03      0.08       3.49 f
  bit64_bit5mux_i7/n21 (net)                    1                   0.00       3.49 f
  bit64_bit5mux_i7/U1/ZN (INV_X1)                         0.07      0.11       3.60 r
  bit64_bit5mux_i7/ou1[0] (net)                 4                   0.00       3.60 r
  bit64_bit5mux_i7/ou1[0] (bit5mux_N9)                              0.00       3.60 r
  selected_c[6] (net)                                               0.00       3.60 r
  bit64_bit5mux_i8/sel (bit5mux_N10)                                0.00       3.60 r
  bit64_bit5mux_i8/sel (net)                                        0.00       3.60 r
  bit64_bit5mux_i8/U2/ZN (INV_X1)                         0.02      0.05       3.65 f
  bit64_bit5mux_i8/n12 (net)                    1                   0.00       3.65 f
  bit64_bit5mux_i8/U1/ZN (AOI22_X1)                       0.12      0.16       3.80 r
  bit64_bit5mux_i8/n23 (net)                    1                   0.00       3.80 r
  bit64_bit5mux_i8/U21/ZN (INV_X2)                        0.05      0.11       3.92 f
  bit64_bit5mux_i8/ou1[0] (net)                12                   0.00       3.92 f
  bit64_bit5mux_i8/ou1[0] (bit5mux_N10)                             0.00       3.92 f
  selected_c[7] (net)                                               0.00       3.92 f
  bit64_bit5mux_i9/sel (bit5mux_N11)                                0.00       3.92 f
  bit64_bit5mux_i9/sel (net)                                        0.00       3.92 f
  bit64_bit5mux_i9/U13/ZN (INV_X1)                        0.07      0.13       4.05 r
  bit64_bit5mux_i9/n13 (net)                    4                   0.00       4.05 r
  bit64_bit5mux_i9/U31/ZN (AOI22_X1)                      0.04      0.08       4.12 f
  bit64_bit5mux_i9/n21 (net)                    1                   0.00       4.12 f
  bit64_bit5mux_i9/U18/ZN (INV_X1)                        0.02      0.06       4.18 r
  bit64_bit5mux_i9/ou1[2] (net)                 1                   0.00       4.18 r
  bit64_bit5mux_i9/ou1[2] (bit5mux_N11)                             0.00       4.18 r
  sum[54] (net)                                                     0.00       4.18 r
  sum[54] (out)                                           0.02      0.01       4.19 r
  data arrival time                                                            4.19

  clock VCLK (rise edge)                                            5.00       5.00
  clock network delay (ideal)                                       0.00       5.00
  output external delay                                            -0.80       4.20
  data required time                                                           4.20
  ---------------------------------------------------------------------------------------------------------
  data required time                                                           4.20
  data arrival time                                                           -4.19
  ---------------------------------------------------------------------------------------------------------
  slack (MET)                                                                  0.01


1
