
                      Design Compiler Graphical
                            DC Ultra (TM)
                             DFTMAX (TM)
                         Power Compiler (TM)
                           DesignWare (R)
                           DC Expert (TM)
                         Design Vision (TM)
                          HDL Compiler (TM)
                         VHDL Compiler (TM)
                            DFT Compiler
                        Library Compiler (TM)
                         Design Compiler(R)

         Version I-2013.12-SP5-5 for RHEL32 -- Dec 16, 2014
               Copyright (c) 1988-2014 Synopsys, Inc.

This software and the associated documentation are confidential and 
proprietary to Synopsys, Inc. Your use or disclosure of this software 
is subject to the terms and conditions of a written license agreement 
between you, or your company, and Synopsys, Inc.

Information: As of the J-2014.09 version of dc_shell, the 32-bit
             version of the product will not be delivered by default.
             If you require a 32-bit version for any reason, please
             contact Synopsys technical support.

Initializing...
################################################################################
# Filename: dc.tcl
# Author: ZHU Jingyang
# Email: jzhuak@connect.ust.hk
# Affiliation: Hong Kong University of Science and Technology
# -------------------------------------------------------------------------------
# This is the template Design Compiler script for ELEC5160/EESM5020.
################################################################################
################################################################################
# Step 0: create directories for results and reports
################################################################################
file mkdir reports; # store area, timing, power reports
file mkdir results; # store design
################################################################################
# Step 1: digital standard cell library set up
# You should specify the following paths accordingly:
# - search_path
# - target_library
# - link_library
################################################################################
set_app_var search_path ". /afs/ee.ust.hk/staff/ee/dept/public/elec516/eesm_5020_2017spring/eesm_5020/lib/NangateOpenCellLibrary_PDKv1_3_v2010_12/Front_End/Liberty/NLDM/ ../rtl $search_path"
. /afs/ee.ust.hk/staff/ee/dept/public/elec516/eesm_5020_2017spring/eesm_5020/lib/NangateOpenCellLibrary_PDKv1_3_v2010_12/Front_End/Liberty/NLDM/ ../rtl . /usr/eelocal/synopsys/syn-vi2013.12-sp5-5/libraries/syn /usr/eelocal/synopsys/syn-vi2013.12-sp5-5/minpower/syn /usr/eelocal/synopsys/syn-vi2013.12-sp5-5/dw/syn_ver /usr/eelocal/synopsys/syn-vi2013.12-sp5-5/dw/sim_ver
set_app_var target_library "NangateOpenCellLibrary_slow.db"
NangateOpenCellLibrary_slow.db
set_app_var synthetic_library dw_foundation.sldb
dw_foundation.sldb
set_app_var link_library "* $target_library $synthetic_library"
* NangateOpenCellLibrary_slow.db dw_foundation.sldb
################################################################################
# Step 2: import design
# You should specify the HDL files for your design accordingly.
# Note: the HDL files should be located in the search_path you defined above.
# Please do NOT import testbench or behavior memory model here.
################################################################################
define_design_lib WORK -path ./WORK
1
analyze -format verilog {csla_64bit.v}
Running PRESTO HDLC
Searching for ./csla_64bit.v
Compiling source file ./csla_64bit.v
Presto compilation completed successfully.
Loading db file '/afs/ee.ust.hk/staff/ee/dept/public/elec516/eesm_5020_2017spring/eesm_5020/lib/NangateOpenCellLibrary_PDKv1_3_v2010_12/Front_End/Liberty/NLDM/NangateOpenCellLibrary_slow.db'
Loading db file '/usr/eelocal/synopsys/syn-vi2013.12-sp5-5/libraries/syn/dw_foundation.sldb'
1
elaborate csla_64bit; # top module name
Loading db file '/usr/eelocal/synopsys/syn-vi2013.12-sp5-5/libraries/syn/gtech.db'
Loading db file '/usr/eelocal/synopsys/syn-vi2013.12-sp5-5/libraries/syn/standard.sldb'
  Loading link library 'NangateOpenCellLibrary'
  Loading link library 'gtech'
Running PRESTO HDLC
Presto compilation completed successfully.
Elaborated 1 design.
Current design is now 'csla_64bit'.
Information: Building the design 'RCadder' instantiated from design 'csla_64bit' with
	the parameters "N=4". (HDL-193)
Warning:  Starting with the 2000.11-1 release, the Presto Verilog reader treats Verilog 'integer' types as signed; synthesized result may not match earlier versions of HDL Compiler. (VER-314)
Presto compilation completed successfully.
Information: Building the design 'bit5mux' instantiated from design 'csla_64bit' with
	the parameters "N=4". (HDL-193)

Statistics for case statements in always block at line 159 in file
	'./csla_64bit.v'
===============================================
|           Line           |  full/ parallel  |
===============================================
|           160            |    auto/auto     |
===============================================
Presto compilation completed successfully.
Information: Building the design 'RCadder' instantiated from design 'csla_64bit' with
	the parameters "N=5". (HDL-193)
Warning:  Starting with the 2000.11-1 release, the Presto Verilog reader treats Verilog 'integer' types as signed; synthesized result may not match earlier versions of HDL Compiler. (VER-314)
Presto compilation completed successfully.
Information: Building the design 'bit5mux' instantiated from design 'csla_64bit' with
	the parameters "N=5". (HDL-193)

Statistics for case statements in always block at line 159 in file
	'./csla_64bit.v'
===============================================
|           Line           |  full/ parallel  |
===============================================
|           160            |    auto/auto     |
===============================================
Presto compilation completed successfully.
Information: Building the design 'RCadder' instantiated from design 'csla_64bit' with
	the parameters "N=6". (HDL-193)
Warning:  Starting with the 2000.11-1 release, the Presto Verilog reader treats Verilog 'integer' types as signed; synthesized result may not match earlier versions of HDL Compiler. (VER-314)
Presto compilation completed successfully.
Information: Building the design 'bit5mux' instantiated from design 'csla_64bit' with
	the parameters "N=6". (HDL-193)

Statistics for case statements in always block at line 159 in file
	'./csla_64bit.v'
===============================================
|           Line           |  full/ parallel  |
===============================================
|           160            |    auto/auto     |
===============================================
Presto compilation completed successfully.
Information: Building the design 'RCadder' instantiated from design 'csla_64bit' with
	the parameters "N=7". (HDL-193)
Warning:  Starting with the 2000.11-1 release, the Presto Verilog reader treats Verilog 'integer' types as signed; synthesized result may not match earlier versions of HDL Compiler. (VER-314)
Presto compilation completed successfully.
Information: Building the design 'bit5mux' instantiated from design 'csla_64bit' with
	the parameters "N=7". (HDL-193)

Statistics for case statements in always block at line 159 in file
	'./csla_64bit.v'
===============================================
|           Line           |  full/ parallel  |
===============================================
|           160            |    auto/auto     |
===============================================
Presto compilation completed successfully.
Information: Building the design 'RCadder' instantiated from design 'csla_64bit' with
	the parameters "N=8". (HDL-193)
Warning:  Starting with the 2000.11-1 release, the Presto Verilog reader treats Verilog 'integer' types as signed; synthesized result may not match earlier versions of HDL Compiler. (VER-314)
Presto compilation completed successfully.
Information: Building the design 'bit5mux' instantiated from design 'csla_64bit' with
	the parameters "N=8". (HDL-193)

Statistics for case statements in always block at line 159 in file
	'./csla_64bit.v'
===============================================
|           Line           |  full/ parallel  |
===============================================
|           160            |    auto/auto     |
===============================================
Presto compilation completed successfully.
Information: Building the design 'RCadder' instantiated from design 'csla_64bit' with
	the parameters "N=9". (HDL-193)
Warning:  Starting with the 2000.11-1 release, the Presto Verilog reader treats Verilog 'integer' types as signed; synthesized result may not match earlier versions of HDL Compiler. (VER-314)
Presto compilation completed successfully.
Information: Building the design 'bit5mux' instantiated from design 'csla_64bit' with
	the parameters "N=9". (HDL-193)

Statistics for case statements in always block at line 159 in file
	'./csla_64bit.v'
===============================================
|           Line           |  full/ parallel  |
===============================================
|           160            |    auto/auto     |
===============================================
Presto compilation completed successfully.
Information: Building the design 'RCadder' instantiated from design 'csla_64bit' with
	the parameters "N=10". (HDL-193)
Warning:  Starting with the 2000.11-1 release, the Presto Verilog reader treats Verilog 'integer' types as signed; synthesized result may not match earlier versions of HDL Compiler. (VER-314)
Presto compilation completed successfully.
Information: Building the design 'bit5mux' instantiated from design 'csla_64bit' with
	the parameters "N=10". (HDL-193)

Statistics for case statements in always block at line 159 in file
	'./csla_64bit.v'
===============================================
|           Line           |  full/ parallel  |
===============================================
|           160            |    auto/auto     |
===============================================
Presto compilation completed successfully.
Information: Building the design 'RCadder' instantiated from design 'csla_64bit' with
	the parameters "N=11". (HDL-193)
Warning:  Starting with the 2000.11-1 release, the Presto Verilog reader treats Verilog 'integer' types as signed; synthesized result may not match earlier versions of HDL Compiler. (VER-314)
Presto compilation completed successfully.
Information: Building the design 'bit5mux' instantiated from design 'csla_64bit' with
	the parameters "N=11". (HDL-193)

Statistics for case statements in always block at line 159 in file
	'./csla_64bit.v'
===============================================
|           Line           |  full/ parallel  |
===============================================
|           160            |    auto/auto     |
===============================================
Presto compilation completed successfully.
Information: Building the design 'bit1adder'. (HDL-193)
Presto compilation completed successfully.
1
# store the unmapped results
write -hierarchy -format ddc -output results/csla_64bit.unmapped.ddc
Writing ddc file 'results/csla_64bit.unmapped.ddc'.
1
################################################################################
# Step 3: constrain your design
# You should specify the critical path, the input & output delay and the
# environment attribute of your design, so that Design Compiler can correctly
# synthesize your design with the required specfication.
################################################################################
# All the constraints are written in the following tcl script
source csla_64bit.tcl
Warning: Creating virtual clock named 'VCLK' with no sources. (UID-348)
1
################################################################################
# Create default path groups
#
# Seperate these paths can help improve optimization results.
################################################################################
#set ports_clock_root #  [filter_collection [get_attribute [get_clocks] sources] object_class==port]
#group_path -name REGOUT -to [all_outputs]
#group_path -name REGIN -from [remove_from_collection [all_inputs] #  ${ports_clock_root}]
#group_path -name FEEDTHROUGH -from #  [remove_from_collection [all_inputs] ${ports_clock_root}] -to [all_outputs]
################################################################################
# Apply Additional Optimization Constraints
################################################################################
# Prevent assignment statements in the Verilog netlist.
set_fix_multiple_port_nets -all -buffer_constants
1
################################################################################
# Check for Design Errors. It is a good habit to check the design before you run
# the synthesis.
################################################################################
check_design -summary
 
****************************************
check_design summary:
Version:     I-2013.12-SP5-5
Date:        Thu Apr  8 22:58:25 2021
****************************************

                   Name                                            Total
--------------------------------------------------------------------------------
Cells                                                              16
    Connected to power or ground (LINT-32)                         16
--------------------------------------------------------------------------------

Information: Use the 'check_design' command for 
	 more information about warnings. (LINT-98)

1
check_design > reports/csla_64bit.check_design.rpt; # dump to the file
################################################################################
# Step 4: compile the design
# There exits lots of option for compile command. Please check the manual of
# compile for further info.
################################################################################
compile
Information: Evaluating DesignWare library utilization. (UISN-27)

============================================================================
| DesignWare Building Block Library  |         Version         | Available |
============================================================================
| Basic DW Building Blocks           | I-2013.12-DWBB_201312.5.1
                                                               |     *     |
| Licensed DW Building Blocks        | I-2013.12-DWBB_201312.5.1
                                                               |           |
============================================================================


Information: There are 16 potential problems in your design. Please run 'check_design' for more information. (LINT-99)



  Beginning Pass 1 Mapping
  ------------------------
  Processing 'bit5mux_N11'
  Processing 'bit1adder_0'
  Processing 'RCadder_N11_0'
  Processing 'bit5mux_N10'
  Processing 'RCadder_N10_0'
  Processing 'bit5mux_N9'
  Processing 'RCadder_N9_0'
  Processing 'bit5mux_N8'
  Processing 'RCadder_N8_0'
  Processing 'bit5mux_N7'
  Processing 'RCadder_N7_0'
  Processing 'bit5mux_N6'
  Processing 'RCadder_N6_0'
  Processing 'bit5mux_N5'
  Processing 'RCadder_N5_0'
  Processing 'bit5mux_N4'
  Processing 'RCadder_N4_0'
  Processing 'csla_64bit'

  Updating timing information
Information: Updating design information... (UID-85)

  Beginning Mapping Optimizations  (Medium effort)
  -------------------------------
  Mapping Optimization (Phase 1)

                                  TOTAL                                      
   ELAPSED            WORST NEG   SETUP    DESIGN                            
    TIME      AREA      SLACK     COST    RULE COST         ENDPOINT         
  --------- --------- --------- --------- --------- -------------------------
    0:00:03     979.4      2.47     118.0       0.0                          
    0:00:03     979.4      2.47     118.0       0.0                          
    0:00:03     979.4      2.47     118.0       0.0                          
    0:00:03     979.4      2.47     118.0       0.0                          
    0:00:03     979.4      2.47     118.0       0.0                          
    0:00:03     959.2      2.48     118.2       0.0                          
    0:00:03     958.7      2.48     118.4       0.0                          
    0:00:03     958.7      2.48     118.4       0.0                          
    0:00:03     958.7      2.48     118.4       0.0                          
    0:00:03     958.7      2.48     118.4       0.0                          
    0:00:03     958.7      2.48     118.4       0.0                          
    0:00:03     958.7      2.48     118.4       0.0                          
    0:00:03     958.7      2.48     118.4       0.0                          
    0:00:03     958.7      2.48     118.4       0.0                          



  Beginning Delay Optimization Phase
  ----------------------------------

                                  TOTAL                                      
   ELAPSED            WORST NEG   SETUP    DESIGN                            
    TIME      AREA      SLACK     COST    RULE COST         ENDPOINT         
  --------- --------- --------- --------- --------- -------------------------
    0:00:03     958.7      2.48     118.4       0.0                          
    0:00:03     960.0      2.40     115.2       0.0 sum[63]                  
    0:00:03     961.3      2.36     113.1       0.0 sum[63]                  
    0:00:03     961.1      2.34     112.8       0.0 sum[63]                  
    0:00:04     980.2      2.32     113.7       0.0 sum[63]                  
    0:00:04     973.0      2.29     113.5       0.0 sum[63]                  
    0:00:04     972.5      2.26     112.2       0.0 sum[63]                  
    0:00:04     974.9      2.11     103.5       0.0                          
    0:00:04     974.9      2.11     103.5       0.0                          
    0:00:04     965.8      2.10     103.2       0.0                          
    0:00:04     970.9      2.06     100.5       0.0                          
    0:00:04     979.1      2.04      98.5       0.0                          
    0:00:04     980.2      2.04      97.4       0.0                          


  Beginning Area-Recovery Phase  (cleanup)
  -----------------------------

                                  TOTAL                                      
   ELAPSED            WORST NEG   SETUP    DESIGN                            
    TIME      AREA      SLACK     COST    RULE COST         ENDPOINT         
  --------- --------- --------- --------- --------- -------------------------
    0:00:04     980.2      2.04      97.4       0.0                          
    0:00:04     980.2      2.04      97.4       0.0                          
    0:00:04     977.3      2.04      96.3       0.0                          
    0:00:04     977.3      2.04      96.3       0.0                          
    0:00:04     977.3      2.04      96.3       0.0                          
    0:00:04     977.3      2.04      96.3       0.0                          
    0:00:04     977.3      2.04      96.3       0.0                          
    0:00:04     976.2      2.04      96.3       0.0                          
    0:00:04     976.2      2.04      96.3       0.0                          
    0:00:04     976.2      2.04      96.3       0.0                          
    0:00:04     976.2      2.04      96.3       0.0                          
    0:00:04     976.2      2.04      96.3       0.0                          
    0:00:04     976.2      2.04      96.3       0.0                          
    0:00:05     977.3      2.03      95.7       0.0 sum[63]                  
    0:00:05     980.2      1.99      94.4       0.0 sum[63]                  
    0:00:05     980.2      1.95      94.9       0.0 sum[63]                  
    0:00:05     980.7      1.95      95.3       0.0 sum[63]                  
    0:00:05     983.1      1.94      95.3       0.0 sum[63]                  
    0:00:05     984.2      1.94      94.7       0.0                          
    0:00:06     985.0      1.94      95.5       0.0 sum[63]                  
Loading db file '/afs/ee.ust.hk/staff/ee/dept/public/elec516/eesm_5020_2017spring/eesm_5020/lib/NangateOpenCellLibrary_PDKv1_3_v2010_12/Front_End/Liberty/NLDM/NangateOpenCellLibrary_slow.db'

  Optimization Complete
  ---------------------
1
################################################################################
# Note: compile_ultra does not work for some open source libraries, i.e. Nangate
# since there are some cells missing for these libraries.
# Sol: use compile instead. You can use compile_ultra for the commerial library
# such TSMC45nm, which has a complete set of gates supported.
#
# compile_ultra -no_autoungroup; # keep hierarchy for the purpose of debug
################################################################################
# High-effort area optimization which improves the area without degrading the
# timing or leakage of the compiled design
optimize_netlist -area
Alib files are up-to-date.
Information: Evaluating DesignWare library utilization. (UISN-27)

============================================================================
| DesignWare Building Block Library  |         Version         | Available |
============================================================================
| Basic DW Building Blocks           | I-2013.12-DWBB_201312.5.1
                                                               |     *     |
| Licensed DW Building Blocks        | I-2013.12-DWBB_201312.5.1
                                                               |     *     |
============================================================================


Information: There are 16 potential problems in your design. Please run 'check_design' for more information. (LINT-99)


Loaded alib file './alib-52/NangateOpenCellLibrary_slow.db.alib'

  Updating timing information
Information: Updating design information... (UID-85)
Loading db file '/afs/ee.ust.hk/staff/ee/dept/public/elec516/eesm_5020_2017spring/eesm_5020/lib/NangateOpenCellLibrary_PDKv1_3_v2010_12/Front_End/Liberty/NLDM/NangateOpenCellLibrary_slow.db'


  Beginning Area Optimization
  -----------------------------

                                  TOTAL                                      
   ELAPSED            WORST NEG   SETUP    DESIGN                            
    TIME      AREA      SLACK     COST    RULE COST         ENDPOINT         
  --------- --------- --------- --------- --------- -------------------------
    0:00:01     985.0      1.94      95.5       0.0                          
    0:00:02     900.4      1.94      95.0       0.0                          
Loading db file '/afs/ee.ust.hk/staff/ee/dept/public/elec516/eesm_5020_2017spring/eesm_5020/lib/NangateOpenCellLibrary_PDKv1_3_v2010_12/Front_End/Liberty/NLDM/NangateOpenCellLibrary_slow.db'

  Optimization Complete
  ---------------------
1
################################################################################
# Step 5: write out final design and reports
# The files include:
# - .ddc: binary format used for subsequent Design Compiler sessions
# - .v: Verilog netlist for gate-level simulation and P&R
# - .sdf: SDF backannotated file containing gate and net latency
# - .sdc: SDC constraints for ASCII flow
################################################################################
change_names -rules verilog -hierarchy
Warning: The specified replacement character (_) is conflicting with the specified allowed or restricted character.   (UCN-4)
1
# Write out design
write -format verilog -hierarchy -output results/csla_64bit.mapped.v
Writing verilog file '/afs/ee.ust.hk/staff/ee/khchandi/EESM5020/syn/results/csla_64bit.mapped.v'.
1
write -format ddc -hierarchy -output results/csla_64bit.mapped.ddc
Writing ddc file 'results/csla_64bit.mapped.ddc'.
1
write_sdf results/csla_64bit.mapped.sdf
Information: Annotated 'cell' delays are assumed to include load delay. (UID-282)
Information: Writing timing information to file '/afs/ee.ust.hk/staff/ee/khchandi/EESM5020/syn/results/csla_64bit.mapped.sdf'. (WT-3)
Information: Updating design information... (UID-85)
1
write_sdc -nosplit results/csla_64bit.mapped.sdc
1
# Generate reports
report_qor > reports/csla_64bit.mapped.qor.rpt
report_timing -transition_time -nets -attribute -nosplit   > reports/csla_64bit.mapped.timing.rpt
report_area -nosplit > reports/csla_64bit.mapped.area.rpt
report_power -nosplit > reports/csla_64bit.mapped.power.rpt
################################################################################
# Exit Design Compiler
################################################################################
exit

Thank you...
